# JRE version: Java(TM) SE Runtime Environment (17.0.8+9) (build 17.0.8+9-LTS-211)
# Java VM: Java HotSpot(TM) 64-Bit Server VM (17.0.8+9-LTS-211, mixed mode, emulated-client, sharing, tiered, compressed oops, compressed class ptrs, g1 gc, windows-amd64)
GC Precious Log:
 CPUs: 4 total, 4 available
 Memory: 8073M
 Large Page Support: Disabled
 NUMA Support: Disabled
 Compressed Oops: Enabled (32-bit)
 Heap Region Size: 1M
 Heap Min Capacity: 8M
 Heap Initial Capacity: 128M
 Heap Max Capacity: 2020M
 Pre-touch: Disabled
 Parallel Workers: 4
 Concurrent Workers: 1
 Concurrent Refinement Workers: 4
 Periodic GC: Disabled
Heap:
 garbage-first heap   total 99328K, used 63398K [0x0000000081c00000, 0x0000000100000000)
  region size 1024K, 26 young (26624K), 3 survivors (3072K)
 Metaspace       used 57181K, committed 57792K, reserved 1114112K
  class space    used 8196K, committed 8512K, reserved 1048576K
GC Heap History (20 events):
Event: 3.366 GC heap before
{Heap before GC invocations=5 (full 0):
 garbage-first heap   total 68608K, used 52746K [0x0000000081c00000, 0x0000000100000000)
  region size 1024K, 44 young (45056K), 7 survivors (7168K)
 Metaspace       used 23511K, committed 23808K, reserved 1114112K
  class space    used 3133K, committed 3264K, reserved 1048576K
}
Event: 3.378 GC heap after
{Heap after GC invocations=6 (full 0):
 garbage-first heap   total 68608K, used 19341K [0x0000000081c00000, 0x0000000100000000)
  region size 1024K, 7 young (7168K), 7 survivors (7168K)
 Metaspace       used 23511K, committed 23808K, reserved 1114112K
  class space    used 3133K, committed 3264K, reserved 1048576K
}
Event: 3.399 GC heap before
{Heap before GC invocations=6 (full 0):
 garbage-first heap   total 68608K, used 20365K [0x0000000081c00000, 0x0000000100000000)
  region size 1024K, 8 young (8192K), 7 survivors (7168K)
 Metaspace       used 23580K, committed 23936K, reserved 1114112K
  class space    used 3145K, committed 3328K, reserved 1048576K
}
Event: 3.410 GC heap after
{Heap after GC invocations=7 (full 0):
 garbage-first heap   total 68608K, used 19783K [0x0000000081c00000, 0x0000000100000000)
  region size 1024K, 1 young (1024K), 1 survivors (1024K)
 Metaspace       used 23580K, committed 23936K, reserved 1114112K
  class space    used 3145K, committed 3328K, reserved 1048576K
}
Event: 3.951 GC heap before
{Heap before GC invocations=7 (full 0):
 garbage-first heap   total 68608K, used 48455K [0x0000000081c00000, 0x0000000100000000)
  region size 1024K, 29 young (29696K), 1 survivors (1024K)
 Metaspace       used 26537K, committed 26944K, reserved 1114112K
  class space    used 3629K, committed 3840K, reserved 1048576K
}
Event: 3.960 GC heap after
{Heap after GC invocations=8 (full 0):
 garbage-first heap   total 137216K, used 21134K [0x0000000081c00000, 0x0000000100000000)
  region size 1024K, 3 young (3072K), 3 survivors (3072K)
 Metaspace       used 26537K, committed 26944K, reserved 1114112K
  class space    used 3629K, committed 3840K, reserved 1048576K
}
Event: 5.207 GC heap before
{Heap before GC invocations=8 (full 0):
 garbage-first heap   total 137216K, used 96910K [0x0000000081c00000, 0x0000000100000000)
  region size 1024K, 76 young (77824K), 3 survivors (3072K)
 Metaspace       used 35249K, committed 35712K, reserved 1114112K
  class space    used 4887K, committed 5120K, reserved 1048576K
}
Event: 5.217 GC heap after
{Heap after GC invocations=9 (full 0):
 garbage-first heap   total 137216K, used 25312K [0x0000000081c00000, 0x0000000100000000)
  region size 1024K, 7 young (7168K), 7 survivors (7168K)
 Metaspace       used 35249K, committed 35712K, reserved 1114112K
  class space    used 4887K, committed 5120K, reserved 1048576K
}
Event: 5.247 GC heap before
{Heap before GC invocations=9 (full 0):
 garbage-first heap   total 137216K, used 25312K [0x0000000081c00000, 0x0000000100000000)
  region size 1024K, 8 young (8192K), 7 survivors (7168K)
 Metaspace       used 35620K, committed 36096K, reserved 1114112K
  class space    used 4938K, committed 5184K, reserved 1048576K
}
Event: 5.256 GC heap after
{Heap after GC invocations=10 (full 0):
 garbage-first heap   total 137216K, used 25734K [0x0000000081c00000, 0x0000000100000000)
  region size 1024K, 5 young (5120K), 5 survivors (5120K)
 Metaspace       used 35620K, committed 36096K, reserved 1114112K
  class space    used 4938K, committed 5184K, reserved 1048576K
}
Event: 6.084 GC heap before
{Heap before GC invocations=11 (full 0):
 garbage-first heap   total 99328K, used 80006K [0x0000000081c00000, 0x0000000100000000)
  region size 1024K, 58 young (59392K), 5 survivors (5120K)
 Metaspace       used 41630K, committed 42112K, reserved 1114112K
  class space    used 5864K, committed 6080K, reserved 1048576K
}
Event: 6.095 GC heap after
{Heap after GC invocations=12 (full 0):
 garbage-first heap   total 99328K, used 33120K [0x0000000081c00000, 0x0000000100000000)
  region size 1024K, 8 young (8192K), 8 survivors (8192K)
 Metaspace       used 41630K, committed 42112K, reserved 1114112K
  class space    used 5864K, committed 6080K, reserved 1048576K
}
Event: 6.117 GC heap before
{Heap before GC invocations=12 (full 0):
 garbage-first heap   total 99328K, used 34144K [0x0000000081c00000, 0x0000000100000000)
  region size 1024K, 9 young (9216K), 8 survivors (8192K)
 Metaspace       used 41842K, committed 42368K, reserved 1114112K
  class space    used 5898K, committed 6144K, reserved 1048576K
}
Event: 6.124 GC heap after
{Heap after GC invocations=13 (full 0):
 garbage-first heap   total 99328K, used 33792K [0x0000000081c00000, 0x0000000100000000)
  region size 1024K, 1 young (1024K), 1 survivors (1024K)
 Metaspace       used 41842K, committed 42368K, reserved 1114112K
  class space    used 5898K, committed 6144K, reserved 1048576K
}
Event: 7.286 GC heap before
{Heap before GC invocations=13 (full 0):
 garbage-first heap   total 99328K, used 74752K [0x0000000081c00000, 0x0000000100000000)
  region size 1024K, 41 young (41984K), 1 survivors (1024K)
 Metaspace       used 46703K, committed 47296K, reserved 1114112K
  class space    used 6687K, committed 6976K, reserved 1048576K
}
Event: 7.290 GC heap after
{Heap after GC invocations=14 (full 0):
 garbage-first heap   total 99328K, used 35652K [0x0000000081c00000, 0x0000000100000000)
  region size 1024K, 3 young (3072K), 3 survivors (3072K)
 Metaspace       used 46703K, committed 47296K, reserved 1114112K
  class space    used 6687K, committed 6976K, reserved 1048576K
}
Event: 8.942 GC heap before
{Heap before GC invocations=15 (full 0):
 garbage-first heap   total 99328K, used 76612K [0x0000000081c00000, 0x0000000100000000)
  region size 1024K, 43 young (44032K), 3 survivors (3072K)
 Metaspace       used 52421K, committed 52992K, reserved 1114112K
  class space    used 7515K, committed 7808K, reserved 1048576K
}
Event: 8.950 GC heap after
{Heap after GC invocations=16 (full 0):
 garbage-first heap   total 99328K, used 39229K [0x0000000081c00000, 0x0000000100000000)
  region size 1024K, 6 young (6144K), 6 survivors (6144K)
 Metaspace       used 52421K, committed 52992K, reserved 1114112K
  class space    used 7515K, committed 7808K, reserved 1048576K
}
Event: 280.289 GC heap before
{Heap before GC invocations=16 (full 0):
 garbage-first heap   total 99328K, used 76093K [0x0000000081c00000, 0x0000000100000000)
  region size 1024K, 42 young (43008K), 6 survivors (6144K)
 Metaspace       used 57146K, committed 57792K, reserved 1114112K
  class space    used 8190K, committed 8512K, reserved 1048576K
}
Event: 280.298 GC heap after
{Heap after GC invocations=17 (full 0):
 garbage-first heap   total 99328K, used 41894K [0x0000000081c00000, 0x0000000100000000)
  region size 1024K, 3 young (3072K), 3 survivors (3072K)
 Metaspace       used 57146K, committed 57792K, reserved 1114112K
  class space    used 8190K, committed 8512K, reserved 1048576K
}

